d:\cs\my c++\montly expenss\project13\debug\project13.myform.resources
d:\cs\my c++\montly expenss\project13\debug\project13.myform1.resources
d:\cs\my c++\montly expenss\project13\debug\project13.myform2.resources
d:\cs\my c++\montly expenss\project13\debug\project13.myform3.resources
d:\cs\my c++\montly expenss\project13\debug\project13.myform2.dje.resources
d:\cs\my c++\montly expenss\debug\dje\ahmed.resources.dll
d:\cs\my c++\montly expenss\project13\debug\vc142.pdb
d:\cs\my c++\montly expenss\project13\debug\.netframework,version=v4.6.1.assemblyattributes.obj
d:\cs\my c++\montly expenss\project13\debug\myform3.obj
d:\cs\my c++\montly expenss\project13\debug\myform2.obj
d:\cs\my c++\montly expenss\project13\debug\myform1.obj
d:\cs\my c++\montly expenss\project13\debug\myform.obj
d:\cs\my c++\montly expenss\debug\ahmed.exe
d:\cs\my c++\montly expenss\debug\ahmed.pdb
d:\cs\my c++\montly expenss\project13\debug\ahmed.tlog\metagen.write.1.tlog
d:\cs\my c++\montly expenss\project13\debug\ahmed.tlog\ahmed.read.1u.tlog
d:\cs\my c++\montly expenss\project13\debug\ahmed.tlog\ahmed.write.1u.tlog
d:\cs\my c++\montly expenss\project13\debug\ahmed.tlog\cl.command.1.tlog
d:\cs\my c++\montly expenss\project13\debug\ahmed.tlog\cl.read.1.tlog
d:\cs\my c++\montly expenss\project13\debug\ahmed.tlog\cl.write.1.tlog
d:\cs\my c++\montly expenss\project13\debug\ahmed.tlog\link.command.1.tlog
d:\cs\my c++\montly expenss\project13\debug\ahmed.tlog\link.read.1.tlog
d:\cs\my c++\montly expenss\project13\debug\ahmed.tlog\link.write.1.tlog
d:\cs\my c++\montly expenss\project13\debug\ahmed.tlog\metagen.read.1.tlog
d:\cs\my c++\montly expenss\project13\debug\ahmed.tlog\bunifu_ui_v1.52.dll.metagen
